01-20-2020 11:55:24 - ErrorLog : Error for GUID=bf7c12ad-7926-4268-8f2d-b14dcf00f069 Url  http://localhost:59871/Sales/Index - System.Web.HttpParseException (0x80004005): A space or line break was encountered after the "@" character.  Only valid identifiers, keywords, comments, "(" and "{" are valid at the start of a code block and they must occur immediately following "@" with no space in between.

   at System.Web.WebPages.Razor.RazorBuildProvider.EnsureGeneratedCode()
   at System.Web.WebPages.Razor.RazorBuildProvider.get_CodeCompilerType()
   at System.Web.Compilation.BuildProvider.GetCompilerTypeFromBuildProvider(BuildProvider buildProvider)
   at System.Web.Compilation.BuildProvidersCompiler.ProcessBuildProviders()
   at System.Web.Compilation.BuildProvidersCompiler.PerformBuild()
   at System.Web.Compilation.BuildManager.CompileWebFile(VirtualPath virtualPath)
   at System.Web.Compilation.BuildManager.GetVPathBuildResultInternal(VirtualPath virtualPath, Boolean noBuild, Boolean allowCrossApp, Boolean allowBuildInPrecompile, Boolean throwIfNotFound, Boolean ensureIsUpToDate)
   at System.Web.Compilation.BuildManager.GetVPathBuildResultWithNoAssert(HttpContext context, VirtualPath virtualPath, Boolean noBuild, Boolean allowCrossApp, Boolean allowBuildInPrecompile, Boolean throwIfNotFound, Boolean ensureIsUpToDate)
   at System.Web.Compilation.BuildManager.GetVirtualPathObjectFactory(VirtualPath virtualPath, HttpContext context, Boolean allowCrossApp, Boolean throwIfNotFound)
   at System.Web.Compilation.BuildManager.CreateInstanceFromVirtualPath(VirtualPath virtualPath, Type requiredBaseType, HttpContext context, Boolean allowCrossApp)
   at System.Web.WebPages.BuildManagerWrapper.CreateInstanceOfType[T](String virtualPath)
   at System.Web.WebPages.VirtualPathFactoryExtensions.CreateInstance[T](IVirtualPathFactory factory, String virtualPath)
   at System.Web.WebPages.VirtualPathFactoryManager.CreateInstanceOfType[T](String virtualPath)
   at System.Web.WebPages.VirtualPathFactoryExtensions.CreateInstance[T](IVirtualPathFactory factory, String virtualPath)
   at System.Web.WebPages.WebPageBase.CreatePageFromVirtualPath(String virtualPath, HttpContextBase httpContext, Func`2 virtualPathExists, DisplayModeProvider displayModeProvider, IDisplayMode displayMode)
   at System.Web.WebPages.WebPageBase.<>c__DisplayClass3.<RenderPageCore>b__2(TextWriter writer)
   at System.Web.WebPages.HelperResult.WriteTo(TextWriter writer)
   at System.Web.WebPages.WebPageBase.Write(HelperResult result)
   at System.Web.WebPages.WebPageBase.RenderSurrounding(String partialViewName, Action`1 body)
   at System.Web.WebPages.WebPageBase.PopContext()
   at System.Web.WebPages.WebPageBase.ExecutePageHierarchy(WebPageContext pageContext, TextWriter writer, WebPageRenderingBase startPage)
   at System.Web.Mvc.RazorView.RenderView(ViewContext viewContext, TextWriter writer, Object instance)
   at System.Web.Mvc.BuildManagerCompiledView.Render(ViewContext viewContext, TextWriter writer)
   at System.Web.Mvc.ViewResultBase.ExecuteResult(ControllerContext context)
   at System.Web.Mvc.ControllerActionInvoker.InvokeActionResult(ControllerContext controllerContext, ActionResult actionResult)
   at System.Web.Mvc.ControllerActionInvoker.InvokeActionResultFilterRecursive(IList`1 filters, Int32 filterIndex, ResultExecutingContext preContext, ControllerContext controllerContext, ActionResult actionResult)
   at System.Web.Mvc.ControllerActionInvoker.InvokeActionResultFilterRecursive(IList`1 filters, Int32 filterIndex, ResultExecutingContext preContext, ControllerContext controllerContext, ActionResult actionResult)
   at System.Web.Mvc.ControllerActionInvoker.InvokeActionResultFilterRecursive(IList`1 filters, Int32 filterIndex, ResultExecutingContext preContext, ControllerContext controllerContext, ActionResult actionResult)
   at System.Web.Mvc.ControllerActionInvoker.InvokeActionResultWithFilters(ControllerContext controllerContext, IList`1 filters, ActionResult actionResult)
   at System.Web.Mvc.Async.AsyncControllerActionInvoker.<>c__DisplayClass21.<>c__DisplayClass2b.<BeginInvokeAction>b__1c()
   at System.Web.Mvc.Async.AsyncControllerActionInvoker.<>c__DisplayClass21.<BeginInvokeAction>b__1e(IAsyncResult asyncResult)
Error: 
01-20-2020 11:55:24 - ErrorLog : Error in sending email System.ArgumentOutOfRangeException: Specified argument was out of the range of valid values.
Parameter name: value
   at System.Net.Mail.SmtpClient.set_Port(Int32 value)
   at AprosysAccounting.Appcode.Email.sendEmail(String _message, String Subject, String toEmailAddress, Boolean MessageIsHTML, SortedList`2 attachmentPath, String FromAddress) in D:\Sana Ullah\AproSys\AprosysAccounting\Appcode\Email.cs:line 69 - 
Error: 
01-20-2020 11:55:24 - ErrorLog : Error in sending email System.ArgumentOutOfRangeException: Specified argument was out of the range of valid values.
Parameter name: value
   at System.Net.Mail.SmtpClient.set_Port(Int32 value)
   at AprosysAccounting.Appcode.Email.sendEmail(String _message, String Subject, String toEmailAddress, Boolean MessageIsHTML, SortedList`2 attachmentPath, String FromAddress) in D:\Sana Ullah\AproSys\AprosysAccounting\Appcode\Email.cs:line 106
   at AprosysAccounting.Appcode.Email.<>c__DisplayClass4_0.<sendEmailAsync>b__0() in D:\Sana Ullah\AproSys\AprosysAccounting\Appcode\Email.cs:line 118 - 
Error: 
01-20-2020 13:18:03 - ErrorLog : Error for GUID=9fea4554-1876-4cf6-9705-8cae1d120d98 Url  http://localhost:59871/Sales/Index - System.Web.HttpException (0x80004005): Section not defined: "scripts".
   at System.Web.WebPages.WebPageBase.RenderSection(String name, Boolean required)
   at ASP._Page_Views_Shared__Layout_cshtml.Execute() in D:\Sana Ullah\AproSys\AprosysAccounting\Views\Shared\_Layout.cshtml:line 121
   at System.Web.WebPages.WebPageBase.ExecutePageHierarchy()
   at System.Web.Mvc.WebViewPage.ExecutePageHierarchy()
   at System.Web.WebPages.WebPageBase.ExecutePageHierarchy(WebPageContext pageContext, TextWriter writer, WebPageRenderingBase startPage)
   at System.Web.WebPages.WebPageBase.<>c__DisplayClass3.<RenderPageCore>b__2(TextWriter writer)
   at System.Web.WebPages.HelperResult.WriteTo(TextWriter writer)
   at System.Web.WebPages.WebPageBase.Write(HelperResult result)
   at System.Web.WebPages.WebPageBase.RenderSurrounding(String partialViewName, Action`1 body)
   at System.Web.WebPages.WebPageBase.PopContext()
   at System.Web.WebPages.WebPageBase.ExecutePageHierarchy(WebPageContext pageContext, TextWriter writer, WebPageRenderingBase startPage)
   at System.Web.Mvc.RazorView.RenderView(ViewContext viewContext, TextWriter writer, Object instance)
   at System.Web.Mvc.BuildManagerCompiledView.Render(ViewContext viewContext, TextWriter writer)
   at System.Web.Mvc.ViewResultBase.ExecuteResult(ControllerContext context)
   at System.Web.Mvc.ControllerActionInvoker.InvokeActionResult(ControllerContext controllerContext, ActionResult actionResult)
   at System.Web.Mvc.ControllerActionInvoker.InvokeActionResultFilterRecursive(IList`1 filters, Int32 filterIndex, ResultExecutingContext preContext, ControllerContext controllerContext, ActionResult actionResult)
   at System.Web.Mvc.ControllerActionInvoker.InvokeActionResultFilterRecursive(IList`1 filters, Int32 filterIndex, ResultExecutingContext preContext, ControllerContext controllerContext, ActionResult actionResult)
   at System.Web.Mvc.ControllerActionInvoker.InvokeActionResultFilterRecursive(IList`1 filters, Int32 filterIndex, ResultExecutingContext preContext, ControllerContext controllerContext, ActionResult actionResult)
   at System.Web.Mvc.ControllerActionInvoker.InvokeActionResultWithFilters(ControllerContext controllerContext, IList`1 filters, ActionResult actionResult)
   at System.Web.Mvc.Async.AsyncControllerActionInvoker.<>c__DisplayClass21.<>c__DisplayClass2b.<BeginInvokeAction>b__1c()
   at System.Web.Mvc.Async.AsyncControllerActionInvoker.<>c__DisplayClass21.<BeginInvokeAction>b__1e(IAsyncResult asyncResult)
Error: 
01-20-2020 13:18:03 - ErrorLog : Error in sending email System.ArgumentOutOfRangeException: Specified argument was out of the range of valid values.
Parameter name: value
   at System.Net.Mail.SmtpClient.set_Port(Int32 value)
   at AprosysAccounting.Appcode.Email.sendEmail(String _message, String Subject, String toEmailAddress, Boolean MessageIsHTML, SortedList`2 attachmentPath, String FromAddress) in D:\Sana Ullah\AproSys\AprosysAccounting\Appcode\Email.cs:line 69 - 
Error: 
01-20-2020 13:18:03 - ErrorLog : Error in sending email System.ArgumentOutOfRangeException: Specified argument was out of the range of valid values.
Parameter name: value
   at System.Net.Mail.SmtpClient.set_Port(Int32 value)
   at AprosysAccounting.Appcode.Email.sendEmail(String _message, String Subject, String toEmailAddress, Boolean MessageIsHTML, SortedList`2 attachmentPath, String FromAddress) in D:\Sana Ullah\AproSys\AprosysAccounting\Appcode\Email.cs:line 106
   at AprosysAccounting.Appcode.Email.<>c__DisplayClass4_0.<sendEmailAsync>b__0() in D:\Sana Ullah\AproSys\AprosysAccounting\Appcode\Email.cs:line 118 - 
Error: 
