12-13-2019 01:20:12 - ErrorLog : Error for GUID=ef0d2c64-1454-4ac5-b475-6a98eda1acc6 Url  http://localhost:59871/Salesreturn/index - System.Web.HttpParseException (0x80004005): A space or line break was encountered after the "@" character.  Only valid identifiers, keywords, comments, "(" and "{" are valid at the start of a code block and they must occur immediately following "@" with no space in between.

   at System.Web.WebPages.Razor.RazorBuildProvider.EnsureGeneratedCode()
   at System.Web.WebPages.Razor.RazorBuildProvider.get_CodeCompilerType()
   at System.Web.Compilation.BuildProvider.GetCompilerTypeFromBuildProvider(BuildProvider buildProvider)
   at System.Web.Compilation.BuildProvidersCompiler.ProcessBuildProviders()
   at System.Web.Compilation.BuildProvidersCompiler.PerformBuild()
   at System.Web.Compilation.BuildManager.CompileWebFile(VirtualPath virtualPath)
   at System.Web.Compilation.BuildManager.GetVPathBuildResultInternal(VirtualPath virtualPath, Boolean noBuild, Boolean allowCrossApp, Boolean allowBuildInPrecompile, Boolean throwIfNotFound, Boolean ensureIsUpToDate)
   at System.Web.Compilation.BuildManager.GetVPathBuildResultWithNoAssert(HttpContext context, VirtualPath virtualPath, Boolean noBuild, Boolean allowCrossApp, Boolean allowBuildInPrecompile, Boolean throwIfNotFound, Boolean ensureIsUpToDate)
   at System.Web.Compilation.BuildManager.GetVirtualPathObjectFactory(VirtualPath virtualPath, HttpContext context, Boolean allowCrossApp, Boolean throwIfNotFound)
   at System.Web.Compilation.BuildManager.GetCompiledType(VirtualPath virtualPath)
   at System.Web.Compilation.BuildManager.GetCompiledType(String virtualPath)
   at System.Web.Mvc.BuildManagerWrapper.System.Web.Mvc.IBuildManager.GetCompiledType(String virtualPath)
   at System.Web.Mvc.BuildManagerCompiledView.Render(ViewContext viewContext, TextWriter writer)
   at System.Web.Mvc.ViewResultBase.ExecuteResult(ControllerContext context)
   at System.Web.Mvc.ControllerActionInvoker.InvokeActionResult(ControllerContext controllerContext, ActionResult actionResult)
   at System.Web.Mvc.ControllerActionInvoker.InvokeActionResultFilterRecursive(IList`1 filters, Int32 filterIndex, ResultExecutingContext preContext, ControllerContext controllerContext, ActionResult actionResult)
   at System.Web.Mvc.ControllerActionInvoker.InvokeActionResultFilterRecursive(IList`1 filters, Int32 filterIndex, ResultExecutingContext preContext, ControllerContext controllerContext, ActionResult actionResult)
   at System.Web.Mvc.ControllerActionInvoker.InvokeActionResultFilterRecursive(IList`1 filters, Int32 filterIndex, ResultExecutingContext preContext, ControllerContext controllerContext, ActionResult actionResult)
   at System.Web.Mvc.ControllerActionInvoker.InvokeActionResultWithFilters(ControllerContext controllerContext, IList`1 filters, ActionResult actionResult)
   at System.Web.Mvc.Async.AsyncControllerActionInvoker.<>c__DisplayClass21.<>c__DisplayClass2b.<BeginInvokeAction>b__1c()
   at System.Web.Mvc.Async.AsyncControllerActionInvoker.<>c__DisplayClass21.<BeginInvokeAction>b__1e(IAsyncResult asyncResult)
Error: 
12-13-2019 01:20:13 - ErrorLog : Error in sending email System.ArgumentOutOfRangeException: Specified argument was out of the range of valid values.
Parameter name: value
   at System.Net.Mail.SmtpClient.set_Port(Int32 value)
   at AprosysAccounting.Appcode.Email.sendEmail(String _message, String Subject, String toEmailAddress, Boolean MessageIsHTML, SortedList`2 attachmentPath, String FromAddress) in D:\Angular\Accounting Managment\Accounting Managment\AprosysAccounting\Appcode\Email.cs:line 69 - 
Error: 
12-13-2019 01:20:13 - ErrorLog : Error in sending email System.ArgumentOutOfRangeException: Specified argument was out of the range of valid values.
Parameter name: value
   at System.Net.Mail.SmtpClient.set_Port(Int32 value)
   at AprosysAccounting.Appcode.Email.sendEmail(String _message, String Subject, String toEmailAddress, Boolean MessageIsHTML, SortedList`2 attachmentPath, String FromAddress) in D:\Angular\Accounting Managment\Accounting Managment\AprosysAccounting\Appcode\Email.cs:line 106
   at AprosysAccounting.Appcode.Email.<>c__DisplayClass4_0.<sendEmailAsync>b__0() in D:\Angular\Accounting Managment\Accounting Managment\AprosysAccounting\Appcode\Email.cs:line 118 - 
Error: 
